<?xml version="1.0" encoding="UTF-8"?>
<testsuite name="application.controllers.AccountControllerIntegrationTest" tests="9" skipped="0" failures="0" errors="0" timestamp="2021-09-14T16:20:32" hostname="DESKTOP-CI8R8RQ" time="16.459">
  <properties/>
  <testcase name="registerUserSuccess()" classname="application.controllers.AccountControllerIntegrationTest" time="0.665"/>
  <testcase name="registerUserEmailExistsFailed()" classname="application.controllers.AccountControllerIntegrationTest" time="0.051"/>
  <testcase name="registerPasswordsAreNotEqualsFailed()" classname="application.controllers.AccountControllerIntegrationTest" time="0.028"/>
  <testcase name="setPasswordSuccess()" classname="application.controllers.AccountControllerIntegrationTest" time="0.318"/>
  <testcase name="setPasswordNotValidFailed()" classname="application.controllers.AccountControllerIntegrationTest" time="0.028"/>
  <testcase name="setEmailSuccess()" classname="application.controllers.AccountControllerIntegrationTest" time="0.087"/>
  <testcase name="recoverPasswordSuccess()" classname="application.controllers.AccountControllerIntegrationTest" time="10.039"/>
  <testcase name="changeEmailSuccess()" classname="application.controllers.AccountControllerIntegrationTest" time="5.146"/>
  <testcase name="getAccountNotifications()" classname="application.controllers.AccountControllerIntegrationTest" time="0.091"/>
  <system-out><![CDATA[19:20:22.324 [Test worker] DEBUG org.springframework.test.context.BootstrapUtils - Instantiating CacheAwareContextLoaderDelegate from class [org.springframework.test.context.cache.DefaultCacheAwareContextLoaderDelegate]
19:20:22.339 [Test worker] DEBUG org.springframework.test.context.BootstrapUtils - Instantiating BootstrapContext using constructor [public org.springframework.test.context.support.DefaultBootstrapContext(java.lang.Class,org.springframework.test.context.CacheAwareContextLoaderDelegate)]
19:20:22.375 [Test worker] DEBUG org.springframework.test.context.BootstrapUtils - Instantiating TestContextBootstrapper for test class [application.controllers.AccountControllerIntegrationTest] from class [org.springframework.boot.test.context.SpringBootTestContextBootstrapper]
19:20:22.395 [Test worker] INFO org.springframework.boot.test.context.SpringBootTestContextBootstrapper - Neither @ContextConfiguration nor @ContextHierarchy found for test class [application.controllers.AccountControllerIntegrationTest], using SpringBootContextLoader
19:20:22.406 [Test worker] DEBUG org.springframework.test.context.support.AbstractContextLoader - Did not detect default resource location for test class [application.controllers.AccountControllerIntegrationTest]: class path resource [application/controllers/AccountControllerIntegrationTest-context.xml] does not exist
19:20:22.407 [Test worker] DEBUG org.springframework.test.context.support.AbstractContextLoader - Did not detect default resource location for test class [application.controllers.AccountControllerIntegrationTest]: class path resource [application/controllers/AccountControllerIntegrationTestContext.groovy] does not exist
19:20:22.407 [Test worker] INFO org.springframework.test.context.support.AbstractContextLoader - Could not detect default resource locations for test class [application.controllers.AccountControllerIntegrationTest]: no resource found for suffixes {-context.xml, Context.groovy}.
19:20:22.408 [Test worker] INFO org.springframework.test.context.support.AnnotationConfigContextLoaderUtils - Could not detect default configuration classes for test class [application.controllers.AccountControllerIntegrationTest]: AccountControllerIntegrationTest does not declare any static, non-private, non-final, nested classes annotated with @Configuration.
19:20:22.482 [Test worker] DEBUG org.springframework.test.context.support.ActiveProfilesUtils - Could not find an 'annotation declaring class' for annotation type [org.springframework.test.context.ActiveProfiles] and class [application.controllers.AccountControllerIntegrationTest]
19:20:22.570 [Test worker] DEBUG org.springframework.context.annotation.ClassPathScanningCandidateComponentProvider - Identified candidate component class: file [C:\Users\Alex\Desktop\skillbox\javapro-socialnetwork-studygroup-16\build\classes\java\main\application\App.class]
19:20:22.570 [Test worker] INFO org.springframework.boot.test.context.SpringBootTestContextBootstrapper - Found @SpringBootConfiguration application.App for test class application.controllers.AccountControllerIntegrationTest
19:20:22.661 [Test worker] DEBUG org.springframework.boot.test.context.SpringBootTestContextBootstrapper - @TestExecutionListeners is not present for class [application.controllers.AccountControllerIntegrationTest]: using defaults.
19:20:22.661 [Test worker] INFO org.springframework.boot.test.context.SpringBootTestContextBootstrapper - Loaded default TestExecutionListener class names from location [META-INF/spring.factories]: [org.springframework.security.test.context.support.WithSecurityContextTestExecutionListener, org.springframework.security.test.context.support.ReactorContextTestExecutionListener, org.springframework.boot.test.autoconfigure.restdocs.RestDocsTestExecutionListener, org.springframework.boot.test.autoconfigure.web.client.MockRestServiceServerResetTestExecutionListener, org.springframework.boot.test.autoconfigure.web.servlet.MockMvcPrintOnlyOnFailureTestExecutionListener, org.springframework.boot.test.autoconfigure.web.servlet.WebDriverTestExecutionListener, org.springframework.boot.test.autoconfigure.webservices.client.MockWebServiceServerTestExecutionListener, org.springframework.boot.test.mock.mockito.MockitoTestExecutionListener, org.springframework.boot.test.mock.mockito.ResetMocksTestExecutionListener, io.zonky.test.db.EmbeddedDatabaseTestExecutionListener, io.zonky.test.db.event.EventPublishingTestExecutionListener, io.zonky.test.db.flyway.OptimizedFlywayTestExecutionListener, org.springframework.test.context.web.ServletTestExecutionListener, org.springframework.test.context.support.DirtiesContextBeforeModesTestExecutionListener, org.springframework.test.context.support.DependencyInjectionTestExecutionListener, org.springframework.test.context.support.DirtiesContextTestExecutionListener, org.springframework.test.context.transaction.TransactionalTestExecutionListener, org.springframework.test.context.jdbc.SqlScriptsTestExecutionListener, org.springframework.test.context.event.EventPublishingTestExecutionListener]
19:20:22.679 [Test worker] INFO org.springframework.boot.test.context.SpringBootTestContextBootstrapper - Using TestExecutionListeners: [org.springframework.test.context.web.ServletTestExecutionListener@3254ce9b, org.springframework.test.context.support.DirtiesContextBeforeModesTestExecutionListener@7668f720, org.springframework.boot.test.mock.mockito.MockitoTestExecutionListener@6040743b, org.springframework.boot.test.autoconfigure.SpringBootDependencyInjectionTestExecutionListener@37ac37a1, org.springframework.test.context.support.DirtiesContextTestExecutionListener@239807d9, io.zonky.test.db.EmbeddedDatabaseTestExecutionListener@12f8257d, io.zonky.test.db.flyway.OptimizedFlywayTestExecutionListener@71fa7ab5, org.springframework.test.context.transaction.TransactionalTestExecutionListener@27bd5a14, org.springframework.test.context.jdbc.SqlScriptsTestExecutionListener@44f837f5, org.springframework.security.test.context.support.WithSecurityContextTestExecutionListener@177831da, org.springframework.test.context.event.EventPublishingTestExecutionListener@35f5de52, org.springframework.security.test.context.support.ReactorContextTestExecutionListener@78554f02, org.springframework.boot.test.autoconfigure.restdocs.RestDocsTestExecutionListener@7d178862, org.springframework.boot.test.autoconfigure.web.client.MockRestServiceServerResetTestExecutionListener@2bb780fb, org.springframework.boot.test.autoconfigure.web.servlet.MockMvcPrintOnlyOnFailureTestExecutionListener@302bdc91, org.springframework.boot.test.autoconfigure.web.servlet.WebDriverTestExecutionListener@6254a8c9, org.springframework.boot.test.autoconfigure.webservices.client.MockWebServiceServerTestExecutionListener@23416879, org.springframework.boot.test.mock.mockito.ResetMocksTestExecutionListener@34e684b2, io.zonky.test.db.event.EventPublishingTestExecutionListener@5a4719eb]
19:20:22.683 [Test worker] DEBUG org.springframework.test.context.support.AbstractDirtiesContextTestExecutionListener - Before test class: context [DefaultTestContext@6b2f69af testClass = AccountControllerIntegrationTest, testInstance = [null], testMethod = [null], testException = [null], mergedContextConfiguration = [WebMergedContextConfiguration@3e7784bb testClass = AccountControllerIntegrationTest, locations = '{}', classes = '{class application.App}', contextInitializerClasses = '[]', activeProfiles = '{}', propertySourceLocations = '{classpath:/application-test.properties}', propertySourceProperties = '{org.springframework.boot.test.context.SpringBootTestContextBootstrapper=true}', contextCustomizers = set[org.springframework.boot.test.autoconfigure.properties.PropertyMappingContextCustomizer@4b3fa0b3, org.springframework.boot.test.autoconfigure.web.servlet.WebDriverContextCustomizerFactory$Customizer@7412fb7a, [ImportsContextCustomizer@684dd18c key = [org.springframework.boot.test.autoconfigure.web.servlet.MockMvcAutoConfiguration, org.springframework.boot.test.autoconfigure.web.servlet.MockMvcWebClientAutoConfiguration, org.springframework.boot.test.autoconfigure.web.servlet.MockMvcWebDriverAutoConfiguration, org.springframework.boot.autoconfigure.security.oauth2.client.servlet.OAuth2ClientAutoConfiguration, org.springframework.boot.autoconfigure.security.oauth2.resource.servlet.OAuth2ResourceServerAutoConfiguration, org.springframework.boot.autoconfigure.security.servlet.SecurityAutoConfiguration, org.springframework.boot.autoconfigure.security.servlet.SecurityFilterAutoConfiguration, org.springframework.boot.autoconfigure.security.servlet.UserDetailsServiceAutoConfiguration, org.springframework.boot.test.autoconfigure.web.servlet.MockMvcSecurityConfiguration]], org.springframework.boot.test.context.filter.ExcludeFilterContextCustomizer@1d2c3757, org.springframework.boot.test.json.DuplicateJsonObjectContextCustomizerFactory$DuplicateJsonObjectContextCustomizer@1ca7d187, org.springframework.boot.test.mock.mockito.MockitoContextCustomizer@0, org.springframework.boot.test.web.client.TestRestTemplateContextCustomizer@4477bc8c, io.zonky.test.db.EmbeddedDatabaseContextCustomizerFactory$EmbeddedDatabaseContextCustomizer@b70f7fd2, org.springframework.boot.test.context.SpringBootTestArgs@1, org.springframework.boot.test.context.SpringBootTestWebEnvironment@5cb97f1], resourceBasePath = 'src/main/webapp', contextLoader = 'org.springframework.boot.test.context.SpringBootContextLoader', parent = [null]], attributes = map['org.springframework.test.context.web.ServletTestExecutionListener.activateListener' -> true]], class annotated with @DirtiesContext [false] with mode [null].
19:20:22.704 [Test worker] DEBUG org.springframework.test.context.support.TestPropertySourceUtils - Adding inlined properties to environment: {spring.jmx.enabled=false, org.springframework.boot.test.context.SpringBootTestContextBootstrapper=true}

  .   ____          _            __ _ _
 /\\ / ___'_ __ _ _(_)_ __  __ _ \ \ \ \
( ( )\___ | '_ | '_| | '_ \/ _` | \ \ \ \
 \\/  ___)| |_)| | | | | || (_| |  ) ) ) )
  '  |____| .__|_| |_|_| |_\__, | / / / /
 =========|_|==============|___/=/_/_/_/
 :: Spring Boot ::       (v2.3.12.RELEASE)

2021-09-14 19:20:22.917  INFO 13384 --- [    Test worker] a.c.AccountControllerIntegrationTest     : Starting AccountControllerIntegrationTest on DESKTOP-CI8R8RQ with PID 13384 (started by Alex in C:\Users\Alex\Desktop\skillbox\javapro-socialnetwork-studygroup-16)
2021-09-14 19:20:22.919  INFO 13384 --- [    Test worker] a.c.AccountControllerIntegrationTest     : No active profile set, falling back to default profiles: default
2021-09-14 19:20:23.772  INFO 13384 --- [    Test worker] .s.d.r.c.RepositoryConfigurationDelegate : Bootstrapping Spring Data JPA repositories in DEFAULT mode.
2021-09-14 19:20:23.801  INFO 13384 --- [    Test worker] .s.d.r.c.RepositoryConfigurationDelegate : Finished Spring Data repository scanning in 23ms. Found 0 JPA repository interfaces.
2021-09-14 19:20:23.920  INFO 13384 --- [    Test worker] EmbeddedDatabaseContextCustomizerFactory : Replacing 'dataSource' DataSource bean with embedded version
2021-09-14 19:20:24.140  INFO 13384 --- [    Test worker] trationDelegate$BeanPostProcessorChecker : Bean 'io.zonky.test.db.config.EmbeddedDatabaseAutoConfiguration' of type [io.zonky.test.db.config.EmbeddedDatabaseAutoConfiguration$$EnhancerBySpringCGLIB$$6173f0ba] is not eligible for getting processed by all BeanPostProcessors (for example: not eligible for auto-proxying)
2021-09-14 19:20:24.258  INFO 13384 --- [    Test worker] eProvider$PriorityThreadPoolTaskExecutor : Initializing ExecutorService
2021-09-14 19:20:24.286  INFO 13384 --- [    Test worker] o.s.s.concurrent.ThreadPoolTaskExecutor  : Initializing ExecutorService 'applicationTaskExecutor'
2021-09-14 19:20:24.375  INFO 13384 --- [  prefetching-1] c.o.d.p.embedded.EmbeddedPostgres        : Detected a Windows x86_64 system
2021-09-14 19:20:24.444  INFO 13384 --- [  prefetching-1] c.o.d.p.embedded.EmbeddedPostgres        : Extracting Postgres...
2021-09-14 19:20:26.360  INFO 13384 --- [  prefetching-1] c.o.d.p.embedded.EmbeddedPostgres        : Postgres binaries at C:\Users\Alex\AppData\Local\Temp\embedded-pg\PG-02224a4f280160581d2144dec70deaf8
2021-09-14 19:20:26.425  INFO 13384 --- [  log:pid(8228)] i.exe                                    : ?????, ??????????? ? ???? ????, ????? ???????????? ???????????? "Alex".
2021-09-14 19:20:26.426  INFO 13384 --- [  log:pid(8228)] i.exe                                    : ?? ??? ????? ????? ????? ??????????? ??????? ???????.
2021-09-14 19:20:26.426  INFO 13384 --- [  log:pid(8228)] i.exe                                    : 
2021-09-14 19:20:26.427  INFO 13384 --- [  log:pid(8228)] i.exe                                    : ??????? ??? ?????? ????? ??????????????? ? ??????? "Russian_Russia.1251".
2021-09-14 19:20:26.427  INFO 13384 --- [  log:pid(8228)] i.exe                                    : ??????? ???????????? ?????????? ?????? ?? ????????? "russian".
2021-09-14 19:20:26.427  INFO 13384 --- [  log:pid(8228)] i.exe                                    : 
2021-09-14 19:20:26.427  INFO 13384 --- [  log:pid(8228)] i.exe                                    : ???????? ??????????? ??????? ?????? ????????.
2021-09-14 19:20:26.427  INFO 13384 --- [  log:pid(8228)] i.exe                                    : 
2021-09-14 19:20:26.427  INFO 13384 --- [  log:pid(8228)] i.exe                                    : ??????????? ???? ??? ????????????? ???????? C:/Users/Alex/AppData/Local/Temp/epg6160519855826965258... ??
2021-09-14 19:20:26.428  INFO 13384 --- [  log:pid(8228)] i.exe                                    : ???????? ????????????... ??
2021-09-14 19:20:26.448  INFO 13384 --- [  log:pid(8228)] i.exe                                    : ?????????? ???????? max_connections... 100
2021-09-14 19:20:26.468  INFO 13384 --- [  log:pid(8228)] i.exe                                    : ?????????? ???????? shared_buffers... 128MB
2021-09-14 19:20:26.469  INFO 13384 --- [  log:pid(8228)] i.exe                                    : ????? ?????????? ???????????? ??????????? ??????... windows
2021-09-14 19:20:26.472  INFO 13384 --- [  log:pid(8228)] i.exe                                    : ???????? ???????????????? ??????... ??
2021-09-14 19:20:26.674  INFO 13384 --- [  log:pid(8228)] i.exe                                    : ??????????? ???????????????? ??????... ??
2021-09-14 19:20:27.222  INFO 13384 --- [  log:pid(8228)] i.exe                                    : ??????????? ?????????????? ?????????????... ??
2021-09-14 19:20:27.653  INFO 13384 --- [  log:pid(8228)] i.exe                                    : ?????????? ?????? ?? ?????... ??
2021-09-14 19:20:27.653  INFO 13384 --- [  log:pid(8228)] i.exe                                    : 
2021-09-14 19:20:27.653  INFO 13384 --- [  log:pid(8228)] i.exe                                    : ??????. ?????? ?? ?????? ????????? ?????? ??? ??????:
2021-09-14 19:20:27.654  INFO 13384 --- [  log:pid(8228)] i.exe                                    : 
2021-09-14 19:20:27.654  INFO 13384 --- [  log:pid(8228)] i.exe                                    :     C:/Users/Alex/AppData/Local/Temp/embedded-pg/PG-02224a4f280160581d2144dec70deaf8/bin/pg_ctl -D ^"C^:^\Users^\Alex^\AppData^\Local^\Temp^\epg6160519855826965258^" -l ????_??????? start
2021-09-14 19:20:27.654  INFO 13384 --- [  log:pid(8228)] i.exe                                    : 
2021-09-14 19:20:27.657  INFO 13384 --- [  prefetching-1] c.o.d.p.embedded.EmbeddedPostgres        : 0ab66190-3a7c-42bd-ae9c-e766ab056a3b initdb completed in 00:00:01.294
2021-09-14 19:20:27.663  INFO 13384 --- [  prefetching-1] c.o.d.p.embedded.EmbeddedPostgres        : 0ab66190-3a7c-42bd-ae9c-e766ab056a3b postmaster started as Process[pid=10152, exitValue="not exited"] on port 59026.  Waiting up to PT20S for server startup to finish.
2021-09-14 19:20:27.722  INFO 13384 --- [ log:pid(10152)] pg-0ab66190-3a7c-42bd-ae9c-e766ab056a3b  : ???????? ??????? ???????....2021-09-14 19:20:27.722 MSK [13012] ?????????:  ??? ????? ??????????? ?? ?????? IPv6 "::1" ?????? ???? 59026
2021-09-14 19:20:27.722  INFO 13384 --- [ log:pid(10152)] pg-0ab66190-3a7c-42bd-ae9c-e766ab056a3b  : 2021-09-14 19:20:27.722 MSK [13012] ?????????:  ??? ????? ??????????? ?? ?????? IPv4 "127.0.0.1" ?????? ???? 59026
2021-09-14 19:20:27.747  INFO 13384 --- [ log:pid(10152)] pg-0ab66190-3a7c-42bd-ae9c-e766ab056a3b  : 2021-09-14 19:20:27.748 MSK [820] ?????????:  ??????? ?? ???? ?????????: 2021-09-14 19:20:27 MSK
2021-09-14 19:20:27.756  INFO 13384 --- [ log:pid(10152)] pg-0ab66190-3a7c-42bd-ae9c-e766ab056a3b  : 2021-09-14 19:20:27.756 MSK [13012] ?????????:  ??????? ?? ?????? ????????? ???????????
2021-09-14 19:20:27.794  INFO 13384 --- [ log:pid(10152)] pg-0ab66190-3a7c-42bd-ae9c-e766ab056a3b  :  ??????
2021-09-14 19:20:28.338  INFO 13384 --- [  prefetching-1] c.o.d.p.embedded.EmbeddedPostgres        : 0ab66190-3a7c-42bd-ae9c-e766ab056a3b postmaster startup finished in 00:00:00.677
2021-09-14 19:20:28.848  INFO 13384 --- [  prefetching-1] liquibase.database                       : Set default schema name to public
2021-09-14 19:20:28.940  INFO 13384 --- [  prefetching-1] liquibase.lockservice                    : Successfully acquired change log lock
2021-09-14 19:20:29.025  INFO 13384 --- [  prefetching-1] liquibase.changelog                      : Creating database history table with name: public.databasechangelog
2021-09-14 19:20:29.035  INFO 13384 --- [  prefetching-1] liquibase.changelog                      : Reading from public.databasechangelog
2021-09-14 19:20:29.274  INFO 13384 --- [  prefetching-1] liquibase.changelog                      : Custom SQL executed
2021-09-14 19:20:29.278  INFO 13384 --- [  prefetching-1] liquibase.changelog                      : ChangeSet db/migrations/v1.0-creation-tables.sql::create-all-tables::vitaly ran successfully in 197ms
2021-09-14 19:20:29.355  INFO 13384 --- [  prefetching-1] liquibase.changelog                      : Custom SQL executed
2021-09-14 19:20:29.360  INFO 13384 --- [  prefetching-1] liquibase.changelog                      : ChangeSet db/migrations/person-user-data.sql::data-person-user::nikolai ran successfully in 46ms
2021-09-14 19:20:29.401  INFO 13384 --- [  prefetching-1] liquibase.changelog                      : Custom SQL executed
2021-09-14 19:20:29.405  INFO 13384 --- [  prefetching-1] liquibase.changelog                      : ChangeSet db/migrations/post-data.sql::data-post-post-comment::nikolai ran successfully in 29ms
2021-09-14 19:20:29.449  INFO 13384 --- [  prefetching-1] liquibase.changelog                      : Custom SQL executed
2021-09-14 19:20:29.452  INFO 13384 --- [  prefetching-1] liquibase.changelog                      : ChangeSet db/migrations/post-comment-like-data.sql::data-post-comment-like::nikolai ran successfully in 31ms
2021-09-14 19:20:29.487  INFO 13384 --- [  prefetching-1] liquibase.changelog                      : Custom SQL executed
2021-09-14 19:20:29.490  INFO 13384 --- [  prefetching-1] liquibase.changelog                      : ChangeSet db/migrations/tag-post2tag-data.sql::create-tags-post2tag::ivoligo ran successfully in 24ms
2021-09-14 19:20:29.524  INFO 13384 --- [  prefetching-1] liquibase.changelog                      : Custom SQL executed
2021-09-14 19:20:29.527  INFO 13384 --- [  prefetching-1] liquibase.changelog                      : ChangeSet db/migrations/friendship-data.sql::friendship-data::andrei ran successfully in 26ms
2021-09-14 19:20:29.583  INFO 13384 --- [  prefetching-1] liquibase.changelog                      : Custom SQL executed
2021-09-14 19:20:29.586  INFO 13384 --- [  prefetching-1] liquibase.changelog                      : ChangeSet db/migrations/create-dialog-table-and-message-data.sql::create-dialog-table-and-message-data::vitaly ran successfully in 48ms
2021-09-14 19:20:29.613  INFO 13384 --- [  prefetching-1] liquibase.changelog                      : Custom SQL executed
2021-09-14 19:20:29.615  INFO 13384 --- [  prefetching-1] liquibase.changelog                      : ChangeSet db/migrations/create-image-table.sql::create-image-table::nikolay ran successfully in 19ms
2021-09-14 19:20:29.650  INFO 13384 --- [  prefetching-1] liquibase.changelog                      : Custom SQL executed
2021-09-14 19:20:29.652  INFO 13384 --- [  prefetching-1] liquibase.changelog                      : ChangeSet db/migrations/update-notification.sql::alter-notification-column::andrei ran successfully in 27ms
2021-09-14 19:20:29.676  INFO 13384 --- [  prefetching-1] liquibase.changelog                      : Custom SQL executed
2021-09-14 19:20:29.678  INFO 13384 --- [  prefetching-1] liquibase.changelog                      : ChangeSet db/migrations/create-post-tag-user-view.sql::create-post-tag-user-view::vitaly ran successfully in 16ms
2021-09-14 19:20:29.701  INFO 13384 --- [  prefetching-1] liquibase.changelog                      : Custom SQL executed
2021-09-14 19:20:29.703  INFO 13384 --- [  prefetching-1] liquibase.changelog                      : ChangeSet db/migrations/notification-settings-data.sql::notifications-settings-data::andrei ran successfully in 15ms
2021-09-14 19:20:29.711  INFO 13384 --- [  prefetching-1] liquibase.lockservice                    : Successfully released change log lock
2021-09-14 19:20:30.094  INFO 13384 --- [    Test worker] o.hibernate.jpa.internal.util.LogHelper  : HHH000204: Processing PersistenceUnitInfo [name: default]
2021-09-14 19:20:30.136  INFO 13384 --- [    Test worker] org.hibernate.Version                    : HHH000412: Hibernate ORM core version 5.4.32.Final
2021-09-14 19:20:30.272  INFO 13384 --- [    Test worker] o.hibernate.annotations.common.Version   : HCANN000001: Hibernate Commons Annotations {5.1.2.Final}
2021-09-14 19:20:30.406  INFO 13384 --- [    Test worker] org.hibernate.dialect.Dialect            : HHH000400: Using dialect: org.hibernate.dialect.PostgreSQL10Dialect
2021-09-14 19:20:30.569  INFO 13384 --- [    Test worker] o.h.e.t.j.p.i.JtaPlatformInitiator       : HHH000490: Using JtaPlatform implementation: [org.hibernate.engine.transaction.jta.platform.internal.NoJtaPlatform]
2021-09-14 19:20:30.576  INFO 13384 --- [    Test worker] j.LocalContainerEntityManagerFactoryBean : Initialized JPA EntityManagerFactory for persistence unit 'default'
2021-09-14 19:20:30.673  WARN 13384 --- [    Test worker] JpaBaseConfiguration$JpaWebConfiguration : spring.jpa.open-in-view is enabled by default. Therefore, database queries may be performed during view rendering. Explicitly configure spring.jpa.open-in-view to disable this warning
2021-09-14 19:20:31.291  INFO 13384 --- [    Test worker] o.s.s.web.DefaultSecurityFilterChain     : Creating filter chain: any request, [org.springframework.security.web.context.request.async.WebAsyncManagerIntegrationFilter@7cc46c2d, org.springframework.security.web.context.SecurityContextPersistenceFilter@6bc83662, org.springframework.security.web.header.HeaderWriterFilter@3b4580d9, org.springframework.security.web.authentication.logout.LogoutFilter@6bc646bf, application.security.JwtTokenFilter@aa0e487, org.springframework.security.web.savedrequest.RequestCacheAwareFilter@21e0b8f7, org.springframework.security.web.servletapi.SecurityContextHolderAwareRequestFilter@47cb254, org.springframework.security.web.authentication.AnonymousAuthenticationFilter@1378165b, org.springframework.security.web.session.SessionManagementFilter@5c8f1c80, org.springframework.security.web.access.ExceptionTranslationFilter@bfaf82e, org.springframework.security.web.access.intercept.FilterSecurityInterceptor@406a5475]
2021-09-14 19:20:31.328  INFO 13384 --- [    Test worker] pertySourcedRequestMappingHandlerMapping : Mapped URL path [/v2/api-docs] onto method [springfox.documentation.swagger2.web.Swagger2Controller#getDocumentation(String, HttpServletRequest)]
2021-09-14 19:20:31.592  INFO 13384 --- [    Test worker] o.s.b.a.w.s.WelcomePageHandlerMapping    : Adding welcome page template: index
2021-09-14 19:20:31.813  INFO 13384 --- [    Test worker] o.s.b.t.m.w.SpringBootMockServletContext : Initializing Spring TestDispatcherServlet ''
2021-09-14 19:20:31.813  INFO 13384 --- [    Test worker] o.s.t.web.servlet.TestDispatcherServlet  : Initializing Servlet ''
2021-09-14 19:20:31.821  INFO 13384 --- [    Test worker] o.s.t.web.servlet.TestDispatcherServlet  : Completed initialization in 8 ms
2021-09-14 19:20:31.840  INFO 13384 --- [    Test worker] d.s.w.p.DocumentationPluginsBootstrapper : Context refreshed
2021-09-14 19:20:31.859  INFO 13384 --- [    Test worker] d.s.w.p.DocumentationPluginsBootstrapper : Found 1 custom documentation plugin(s)
2021-09-14 19:20:31.899  INFO 13384 --- [    Test worker] s.d.s.w.s.ApiListingReferenceScanner     : Scanning for api listing references
2021-09-14 19:20:32.134  INFO 13384 --- [    Test worker] a.c.AccountControllerIntegrationTest     : Started AccountControllerIntegrationTest in 9.421 seconds (JVM running for 10.715)
2021-09-14 19:20:32.389  INFO 13384 --- [    Test worker] i.z.t.d.l.EmbeddedDatabaseReporter       : JDBC URL to connect to 'dataSource': url='jdbc:postgresql://localhost:59026/vrdvemjthswb?user=postgres', scope='AccountControllerIntegrationTest#registerUserSuccess'
2021-09-14 19:20:32.846  INFO 13384 --- [    Test worker] i.z.t.d.l.EmbeddedDatabaseReporter       : JDBC URL to connect to 'dataSource': url='jdbc:postgresql://localhost:59026/vrdvemjthswb?user=postgres', scope='AccountControllerIntegrationTest#registerUserEmailExistsFailed'
2021-09-14 19:20:32.897  INFO 13384 --- [    Test worker] i.z.t.d.l.EmbeddedDatabaseReporter       : JDBC URL to connect to 'dataSource': url='jdbc:postgresql://localhost:59026/vrdvemjthswb?user=postgres', scope='AccountControllerIntegrationTest#registerPasswordsAreNotEqualsFailed'
2021-09-14 19:20:32.926  INFO 13384 --- [    Test worker] i.z.t.d.l.EmbeddedDatabaseReporter       : JDBC URL to connect to 'dataSource': url='jdbc:postgresql://localhost:59026/vrdvemjthswb?user=postgres', scope='AccountControllerIntegrationTest#setPasswordSuccess'
2021-09-14 19:20:33.245  INFO 13384 --- [    Test worker] i.z.t.d.l.EmbeddedDatabaseReporter       : JDBC URL to connect to 'dataSource': url='jdbc:postgresql://localhost:59026/vrdvemjthswb?user=postgres', scope='AccountControllerIntegrationTest#setPasswordNotValidFailed'
2021-09-14 19:20:33.273  INFO 13384 --- [    Test worker] i.z.t.d.l.EmbeddedDatabaseReporter       : JDBC URL to connect to 'dataSource': url='jdbc:postgresql://localhost:59026/vrdvemjthswb?user=postgres', scope='AccountControllerIntegrationTest#setEmailSuccess'
2021-09-14 19:20:33.361  INFO 13384 --- [    Test worker] i.z.t.d.l.EmbeddedDatabaseReporter       : JDBC URL to connect to 'dataSource': url='jdbc:postgresql://localhost:59026/vrdvemjthswb?user=postgres', scope='AccountControllerIntegrationTest#recoverPasswordSuccess'
2021-09-14 19:20:43.426  INFO 13384 --- [    Test worker] i.z.t.d.l.EmbeddedDatabaseReporter       : JDBC URL to connect to 'dataSource': url='jdbc:postgresql://localhost:59026/vrdvemjthswb?user=postgres', scope='AccountControllerIntegrationTest#changeEmailSuccess'
2021-09-14 19:20:48.565  INFO 13384 --- [    Test worker] i.z.t.d.l.EmbeddedDatabaseReporter       : JDBC URL to connect to 'dataSource': url='jdbc:postgresql://localhost:59026/vrdvemjthswb?user=postgres', scope='AccountControllerIntegrationTest#getAccountNotifications'
]]></system-out>
  <system-err><![CDATA[]]></system-err>
</testsuite>
