<?xml version="1.0" encoding="UTF-8"?>
<testsuite name="application.controllers.AuthControllerIntegrationTest" tests="3" skipped="0" failures="0" errors="0" timestamp="2021-09-14T16:20:48" hostname="DESKTOP-CI8R8RQ" time="1.391">
  <properties/>
  <testcase name="loginEmailNotExistsFailed()" classname="application.controllers.AuthControllerIntegrationTest" time="0.824"/>
  <testcase name="loginWrongPasswordFailed()" classname="application.controllers.AuthControllerIntegrationTest" time="0.258"/>
  <testcase name="loginSuccess()" classname="application.controllers.AuthControllerIntegrationTest" time="0.309"/>
  <system-out><![CDATA[2021-09-14 19:20:48.618  INFO 13384 --- [    Test worker] .b.t.c.SpringBootTestContextBootstrapper : Neither @ContextConfiguration nor @ContextHierarchy found for test class [application.controllers.AuthControllerIntegrationTest], using SpringBootContextLoader
2021-09-14 19:20:48.618  INFO 13384 --- [    Test worker] o.s.t.c.support.AbstractContextLoader    : Could not detect default resource locations for test class [application.controllers.AuthControllerIntegrationTest]: no resource found for suffixes {-context.xml, Context.groovy}.
2021-09-14 19:20:48.618  INFO 13384 --- [    Test worker] t.c.s.AnnotationConfigContextLoaderUtils : Could not detect default configuration classes for test class [application.controllers.AuthControllerIntegrationTest]: AuthControllerIntegrationTest does not declare any static, non-private, non-final, nested classes annotated with @Configuration.
2021-09-14 19:20:48.620  INFO 13384 --- [    Test worker] .b.t.c.SpringBootTestContextBootstrapper : Found @SpringBootConfiguration application.App for test class application.controllers.AuthControllerIntegrationTest
2021-09-14 19:20:48.621  INFO 13384 --- [    Test worker] .b.t.c.SpringBootTestContextBootstrapper : Loaded default TestExecutionListener class names from location [META-INF/spring.factories]: [org.springframework.security.test.context.support.WithSecurityContextTestExecutionListener, org.springframework.security.test.context.support.ReactorContextTestExecutionListener, org.springframework.boot.test.autoconfigure.restdocs.RestDocsTestExecutionListener, org.springframework.boot.test.autoconfigure.web.client.MockRestServiceServerResetTestExecutionListener, org.springframework.boot.test.autoconfigure.web.servlet.MockMvcPrintOnlyOnFailureTestExecutionListener, org.springframework.boot.test.autoconfigure.web.servlet.WebDriverTestExecutionListener, org.springframework.boot.test.autoconfigure.webservices.client.MockWebServiceServerTestExecutionListener, org.springframework.boot.test.mock.mockito.MockitoTestExecutionListener, org.springframework.boot.test.mock.mockito.ResetMocksTestExecutionListener, io.zonky.test.db.EmbeddedDatabaseTestExecutionListener, io.zonky.test.db.event.EventPublishingTestExecutionListener, io.zonky.test.db.flyway.OptimizedFlywayTestExecutionListener, org.springframework.test.context.web.ServletTestExecutionListener, org.springframework.test.context.support.DirtiesContextBeforeModesTestExecutionListener, org.springframework.test.context.support.DependencyInjectionTestExecutionListener, org.springframework.test.context.support.DirtiesContextTestExecutionListener, org.springframework.test.context.transaction.TransactionalTestExecutionListener, org.springframework.test.context.jdbc.SqlScriptsTestExecutionListener, org.springframework.test.context.event.EventPublishingTestExecutionListener]
2021-09-14 19:20:48.622  INFO 13384 --- [    Test worker] .b.t.c.SpringBootTestContextBootstrapper : Using TestExecutionListeners: [org.springframework.test.context.web.ServletTestExecutionListener@4f060e7a, org.springframework.test.context.support.DirtiesContextBeforeModesTestExecutionListener@7a24e095, org.springframework.boot.test.mock.mockito.MockitoTestExecutionListener@1d804cd, org.springframework.boot.test.autoconfigure.SpringBootDependencyInjectionTestExecutionListener@343d85f1, org.springframework.test.context.support.DirtiesContextTestExecutionListener@4bb728d2, io.zonky.test.db.EmbeddedDatabaseTestExecutionListener@164a5979, io.zonky.test.db.flyway.OptimizedFlywayTestExecutionListener@57f5c911, org.springframework.test.context.transaction.TransactionalTestExecutionListener@f3fdc13, org.springframework.test.context.jdbc.SqlScriptsTestExecutionListener@7dbc849e, org.springframework.security.test.context.support.WithSecurityContextTestExecutionListener@39798bc1, org.springframework.test.context.event.EventPublishingTestExecutionListener@403d60be, org.springframework.security.test.context.support.ReactorContextTestExecutionListener@3193f3ee, org.springframework.boot.test.autoconfigure.restdocs.RestDocsTestExecutionListener@28121936, org.springframework.boot.test.autoconfigure.web.client.MockRestServiceServerResetTestExecutionListener@5d40b876, org.springframework.boot.test.autoconfigure.web.servlet.MockMvcPrintOnlyOnFailureTestExecutionListener@76d31bf0, org.springframework.boot.test.autoconfigure.web.servlet.WebDriverTestExecutionListener@58718a47, org.springframework.boot.test.autoconfigure.webservices.client.MockWebServiceServerTestExecutionListener@6012f3d6, org.springframework.boot.test.mock.mockito.ResetMocksTestExecutionListener@38c964aa, io.zonky.test.db.event.EventPublishingTestExecutionListener@56abe4d8]
2021-09-14 19:20:48.967  INFO 13384 --- [    Test worker] i.z.t.d.l.EmbeddedDatabaseReporter       : JDBC URL to connect to 'dataSource': url='jdbc:postgresql://localhost:59026/yxtyosmgxftp?user=postgres', scope='AuthControllerIntegrationTest#loginEmailNotExistsFailed'
2021-09-14 19:20:49.450  INFO 13384 --- [    Test worker] i.z.t.d.l.EmbeddedDatabaseReporter       : JDBC URL to connect to 'dataSource': url='jdbc:postgresql://localhost:59026/yxtyosmgxftp?user=postgres', scope='AuthControllerIntegrationTest#loginWrongPasswordFailed'
2021-09-14 19:20:49.708  INFO 13384 --- [    Test worker] i.z.t.d.l.EmbeddedDatabaseReporter       : JDBC URL to connect to 'dataSource': url='jdbc:postgresql://localhost:59026/yxtyosmgxftp?user=postgres', scope='AuthControllerIntegrationTest#loginSuccess'
]]></system-out>
  <system-err><![CDATA[]]></system-err>
</testsuite>
